<?xml version="1.0" encoding="UTF-8"?>
<!-- Generated by org.testng.reporters.JUnitReportReporter -->
<testsuite skipped="0" hostname="DESKTOP-2CFVET8" name="com.movie.demo.runner.TestRunner" tests="1" failures="0" timestamp="13 May 2022 16:03:36 GMT" time="29.098" errors="0">
  <testcase name="feature" time="29.098" classname="com.movie.demo.runner.TestRunner"/>
</testsuite> <!-- com.movie.demo.runner.TestRunner -->
